mode: atomic
github.com/lloydmeta/tasques/internal/domain/queue/models.go:27.46,30.17 2 10
github.com/lloydmeta/tasques/internal/domain/queue/models.go:33.2,33.42 1 10
github.com/lloydmeta/tasques/internal/domain/queue/models.go:36.2,36.48 1 10
github.com/lloydmeta/tasques/internal/domain/queue/models.go:41.2,41.38 1 10
github.com/lloydmeta/tasques/internal/domain/queue/models.go:46.2,46.29 1 10
github.com/lloydmeta/tasques/internal/domain/queue/models.go:49.2,49.20 1 10
github.com/lloydmeta/tasques/internal/domain/queue/models.go:30.17,32.3 1 0
github.com/lloydmeta/tasques/internal/domain/queue/models.go:33.42,35.3 1 3
github.com/lloydmeta/tasques/internal/domain/queue/models.go:36.48,37.42 1 30
github.com/lloydmeta/tasques/internal/domain/queue/models.go:37.42,39.4 1 3
github.com/lloydmeta/tasques/internal/domain/queue/models.go:41.38,42.22 1 20
github.com/lloydmeta/tasques/internal/domain/queue/models.go:42.22,44.4 1 2
github.com/lloydmeta/tasques/internal/domain/queue/models.go:46.29,48.3 1 1
github.com/lloydmeta/tasques/internal/domain/queue/models.go:49.20,52.3 2 1
github.com/lloydmeta/tasques/internal/domain/queue/models.go:52.8,56.3 1 9
github.com/lloydmeta/tasques/internal/domain/queue/models.go:64.38,66.2 1 0
github.com/lloydmeta/tasques/internal/api/models/task/models.go:92.135,94.25 2 3
github.com/lloydmeta/tasques/internal/api/models/task/models.go:99.2,100.23 2 3
github.com/lloydmeta/tasques/internal/api/models/task/models.go:105.2,106.44 2 3
github.com/lloydmeta/tasques/internal/api/models/task/models.go:112.2,113.32 2 3
github.com/lloydmeta/tasques/internal/api/models/task/models.go:119.2,128.3 1 3
github.com/lloydmeta/tasques/internal/api/models/task/models.go:94.25,96.3 1 1
github.com/lloydmeta/tasques/internal/api/models/task/models.go:96.8,98.3 1 2
github.com/lloydmeta/tasques/internal/api/models/task/models.go:100.23,102.3 1 1
github.com/lloydmeta/tasques/internal/api/models/task/models.go:102.8,104.3 1 2
github.com/lloydmeta/tasques/internal/api/models/task/models.go:106.44,109.3 2 1
github.com/lloydmeta/tasques/internal/api/models/task/models.go:109.8,111.3 1 2
github.com/lloydmeta/tasques/internal/api/models/task/models.go:113.32,115.3 1 1
github.com/lloydmeta/tasques/internal/api/models/task/models.go:115.8,117.3 1 2
github.com/lloydmeta/tasques/internal/api/models/task/models.go:132.44,134.30 2 3
github.com/lloydmeta/tasques/internal/api/models/task/models.go:158.2,180.3 1 3
github.com/lloydmeta/tasques/internal/api/models/task/models.go:134.30,136.42 2 2
github.com/lloydmeta/tasques/internal/api/models/task/models.go:142.3,143.38 2 2
github.com/lloydmeta/tasques/internal/api/models/task/models.go:150.3,156.4 1 2
github.com/lloydmeta/tasques/internal/api/models/task/models.go:136.42,141.4 1 2
github.com/lloydmeta/tasques/internal/api/models/task/models.go:143.38,149.4 1 2
github.com/lloydmeta/tasques/internal/api/models/task/models.go:183.56,184.17 1 0
github.com/lloydmeta/tasques/internal/api/models/task/models.go:194.2,196.16 3 0
github.com/lloydmeta/tasques/internal/api/models/task/models.go:199.2,199.8 1 0
github.com/lloydmeta/tasques/internal/api/models/task/models.go:184.17,187.22 3 0
github.com/lloydmeta/tasques/internal/api/models/task/models.go:192.3,192.9 1 0
github.com/lloydmeta/tasques/internal/api/models/task/models.go:187.22,189.4 1 0
github.com/lloydmeta/tasques/internal/api/models/task/models.go:189.9,191.4 1 0
github.com/lloydmeta/tasques/internal/api/models/task/models.go:196.16,198.3 1 0
github.com/lloydmeta/tasques/internal/api/models/task/models.go:201.55,203.2 1 0
github.com/lloydmeta/tasques/internal/domain/leader/recurring.go:21.90,23.2 1 2
github.com/lloydmeta/tasques/internal/domain/leader/recurring.go:33.89,39.2 1 2
github.com/lloydmeta/tasques/internal/domain/leader/recurring.go:42.39,44.28 2 2
github.com/lloydmeta/tasques/internal/domain/leader/recurring.go:44.28,45.75 1 2
github.com/lloydmeta/tasques/internal/domain/leader/recurring.go:45.75,46.20 1 2
github.com/lloydmeta/tasques/internal/domain/leader/recurring.go:61.4,61.59 1 1
github.com/lloydmeta/tasques/internal/domain/leader/recurring.go:46.20,48.18 2 28
github.com/lloydmeta/tasques/internal/domain/leader/recurring.go:56.5,57.21 2 28
github.com/lloydmeta/tasques/internal/domain/leader/recurring.go:48.18,50.20 2 27
github.com/lloydmeta/tasques/internal/domain/leader/recurring.go:50.20,52.7 1 0
github.com/lloydmeta/tasques/internal/domain/leader/recurring.go:53.11,55.6 1 1
github.com/lloydmeta/tasques/internal/domain/leader/recurring.go:57.21,59.6 1 28
github.com/lloydmeta/tasques/internal/domain/leader/recurring.go:67.38,70.2 2 2
github.com/lloydmeta/tasques/internal/domain/leader/recurring.go:72.48,74.2 1 29
github.com/lloydmeta/tasques/internal/api/controllers/tasks_controller.go:45.108,49.31 1 1
github.com/lloydmeta/tasques/internal/api/controllers/tasks_controller.go:49.31,51.4 1 0
github.com/lloydmeta/tasques/internal/api/controllers/tasks_controller.go:61.113,64.16 3 2
github.com/lloydmeta/tasques/internal/api/controllers/tasks_controller.go:64.16,66.3 1 1
github.com/lloydmeta/tasques/internal/api/controllers/tasks_controller.go:66.8,69.3 2 1
github.com/lloydmeta/tasques/internal/api/controllers/tasks_controller.go:72.127,74.16 2 2
github.com/lloydmeta/tasques/internal/api/controllers/tasks_controller.go:74.16,76.3 1 1
github.com/lloydmeta/tasques/internal/api/controllers/tasks_controller.go:76.8,79.3 2 1
github.com/lloydmeta/tasques/internal/api/controllers/tasks_controller.go:82.168,84.16 2 2
github.com/lloydmeta/tasques/internal/api/controllers/tasks_controller.go:84.16,86.3 1 1
github.com/lloydmeta/tasques/internal/api/controllers/tasks_controller.go:86.8,88.32 2 1
github.com/lloydmeta/tasques/internal/api/controllers/tasks_controller.go:91.3,91.23 1 1
github.com/lloydmeta/tasques/internal/api/controllers/tasks_controller.go:88.32,90.4 1 1
github.com/lloydmeta/tasques/internal/api/controllers/tasks_controller.go:95.175,98.16 3 2
github.com/lloydmeta/tasques/internal/api/controllers/tasks_controller.go:98.16,100.3 1 1
github.com/lloydmeta/tasques/internal/api/controllers/tasks_controller.go:100.8,103.3 2 1
github.com/lloydmeta/tasques/internal/api/controllers/tasks_controller.go:106.181,108.16 2 2
github.com/lloydmeta/tasques/internal/api/controllers/tasks_controller.go:108.16,110.3 1 1
github.com/lloydmeta/tasques/internal/api/controllers/tasks_controller.go:110.8,113.3 2 1
github.com/lloydmeta/tasques/internal/api/controllers/tasks_controller.go:116.183,118.16 2 2
github.com/lloydmeta/tasques/internal/api/controllers/tasks_controller.go:118.16,120.3 1 1
github.com/lloydmeta/tasques/internal/api/controllers/tasks_controller.go:120.8,123.3 2 1
github.com/lloydmeta/tasques/internal/api/controllers/tasks_controller.go:126.151,128.16 2 2
github.com/lloydmeta/tasques/internal/api/controllers/tasks_controller.go:128.16,130.3 1 1
github.com/lloydmeta/tasques/internal/api/controllers/tasks_controller.go:130.8,133.3 2 1
github.com/lloydmeta/tasques/internal/api/controllers/tasks_controller.go:136.44,137.25 1 13
github.com/lloydmeta/tasques/internal/api/controllers/tasks_controller.go:138.27,139.21 1 0
github.com/lloydmeta/tasques/internal/api/controllers/tasks_controller.go:140.36,141.30 1 1
github.com/lloydmeta/tasques/internal/api/controllers/tasks_controller.go:142.39,143.33 1 1
github.com/lloydmeta/tasques/internal/api/controllers/tasks_controller.go:144.29,145.23 1 1
github.com/lloydmeta/tasques/internal/api/controllers/tasks_controller.go:146.35,147.29 1 1
github.com/lloydmeta/tasques/internal/api/controllers/tasks_controller.go:148.33,149.28 1 1
github.com/lloydmeta/tasques/internal/api/controllers/tasks_controller.go:150.10,151.25 1 8
github.com/lloydmeta/tasques/internal/api/controllers/tasks_controller.go:155.68,162.2 1 1
github.com/lloydmeta/tasques/internal/api/controllers/tasks_controller.go:164.76,171.2 1 1
github.com/lloydmeta/tasques/internal/api/controllers/tasks_controller.go:173.86,180.2 1 1
github.com/lloydmeta/tasques/internal/api/controllers/tasks_controller.go:182.62,189.2 1 0
github.com/lloydmeta/tasques/internal/api/controllers/tasks_controller.go:191.82,198.2 1 1
github.com/lloydmeta/tasques/internal/api/controllers/tasks_controller.go:200.81,207.2 1 1
github.com/lloydmeta/tasques/internal/api/controllers/tasks_controller.go:208.45,215.2 1 8
github.com/lloydmeta/tasques/internal/domain/task/models.go:24.22,26.2 1 1
github.com/lloydmeta/tasques/internal/domain/task/models.go:91.54,92.46 1 10
github.com/lloydmeta/tasques/internal/domain/task/models.go:92.46,94.3 1 1
github.com/lloydmeta/tasques/internal/domain/task/models.go:94.8,101.3 1 9
github.com/lloydmeta/tasques/internal/domain/task/models.go:109.62,119.2 3 2
github.com/lloydmeta/tasques/internal/domain/task/models.go:126.87,127.24 1 4
github.com/lloydmeta/tasques/internal/domain/task/models.go:133.2,133.64 1 3
github.com/lloydmeta/tasques/internal/domain/task/models.go:138.2,138.100 1 2
github.com/lloydmeta/tasques/internal/domain/task/models.go:146.2,152.12 4 2
github.com/lloydmeta/tasques/internal/domain/task/models.go:127.24,132.3 1 1
github.com/lloydmeta/tasques/internal/domain/task/models.go:133.64,137.3 1 1
github.com/lloydmeta/tasques/internal/domain/task/models.go:138.100,144.3 1 0
github.com/lloydmeta/tasques/internal/domain/task/models.go:159.85,160.24 1 3
github.com/lloydmeta/tasques/internal/domain/task/models.go:166.2,166.64 1 2
github.com/lloydmeta/tasques/internal/domain/task/models.go:171.2,177.12 3 1
github.com/lloydmeta/tasques/internal/domain/task/models.go:160.24,165.3 1 1
github.com/lloydmeta/tasques/internal/domain/task/models.go:166.64,170.3 1 1
github.com/lloydmeta/tasques/internal/domain/task/models.go:187.87,188.24 1 5
github.com/lloydmeta/tasques/internal/domain/task/models.go:194.2,194.64 1 4
github.com/lloydmeta/tasques/internal/domain/task/models.go:221.2,221.31 1 3
github.com/lloydmeta/tasques/internal/domain/task/models.go:239.2,244.12 2 3
github.com/lloydmeta/tasques/internal/domain/task/models.go:188.24,193.3 1 1
github.com/lloydmeta/tasques/internal/domain/task/models.go:194.64,198.3 1 1
github.com/lloydmeta/tasques/internal/domain/task/models.go:221.31,225.22 2 2
github.com/lloydmeta/tasques/internal/domain/task/models.go:231.3,235.19 5 2
github.com/lloydmeta/tasques/internal/domain/task/models.go:225.22,227.4 1 2
github.com/lloydmeta/tasques/internal/domain/task/models.go:227.9,229.4 1 0
github.com/lloydmeta/tasques/internal/domain/task/models.go:236.8,238.3 1 1
github.com/lloydmeta/tasques/internal/domain/task/models.go:253.73,254.24 1 3
github.com/lloydmeta/tasques/internal/domain/task/models.go:260.2,260.66 1 2
github.com/lloydmeta/tasques/internal/domain/task/models.go:265.2,268.12 4 1
github.com/lloydmeta/tasques/internal/domain/task/models.go:254.24,259.3 1 1
github.com/lloydmeta/tasques/internal/domain/task/models.go:260.66,264.3 1 1
github.com/lloydmeta/tasques/internal/domain/task/models.go:344.32,346.2 1 0
github.com/lloydmeta/tasques/internal/domain/task/models.go:349.46,354.2 4 0
github.com/lloydmeta/tasques/internal/domain/task/models.go:357.47,360.16 3 0
github.com/lloydmeta/tasques/internal/domain/task/models.go:363.2,363.30 1 0
github.com/lloydmeta/tasques/internal/domain/task/models.go:360.16,362.3 1 0
github.com/lloydmeta/tasques/internal/domain/task/models.go:363.30,366.3 2 0
github.com/lloydmeta/tasques/internal/domain/task/models.go:366.8,368.3 1 0
github.com/lloydmeta/tasques/internal/domain/task/service.go:92.34,94.2 1 0
github.com/lloydmeta/tasques/internal/domain/task/service.go:96.27,98.2 1 0
github.com/lloydmeta/tasques/internal/domain/task/service.go:105.40,107.2 1 0
github.com/lloydmeta/tasques/internal/domain/task/service.go:109.33,111.2 1 0
github.com/lloydmeta/tasques/internal/domain/task/service.go:118.46,120.2 1 0
github.com/lloydmeta/tasques/internal/domain/task/service.go:127.42,129.2 1 0
github.com/lloydmeta/tasques/internal/domain/task/service.go:131.35,133.2 1 0
github.com/lloydmeta/tasques/internal/domain/task/service.go:140.36,142.2 1 0
github.com/lloydmeta/tasques/internal/domain/task/service.go:144.29,146.2 1 0
github.com/lloydmeta/tasques/internal/domain/task/service.go:154.43,156.2 1 0
github.com/lloydmeta/tasques/internal/domain/task/service.go:158.36,160.2 1 0
github.com/lloydmeta/tasques/internal/infra/server/binding/validation/fields.go:10.24,12.67 2 0
github.com/lloydmeta/tasques/internal/infra/server/binding/validation/fields.go:12.67,14.17 2 0
github.com/lloydmeta/tasques/internal/infra/server/binding/validation/fields.go:14.17,16.4 1 0
github.com/lloydmeta/tasques/internal/infra/server/binding/validation/fields.go:21.76,23.8 2 9
github.com/lloydmeta/tasques/internal/infra/server/binding/validation/fields.go:29.2,29.13 1 1
github.com/lloydmeta/tasques/internal/infra/server/binding/validation/fields.go:23.8,24.68 1 9
github.com/lloydmeta/tasques/internal/infra/server/binding/validation/fields.go:24.68,27.4 2 8
github.com/lloydmeta/tasques/internal/infra/server/routing/global.go:25.30,27.2 1 0
github.com/lloydmeta/tasques/internal/infra/server/routing/global.go:29.31,31.2 1 0
github.com/lloydmeta/tasques/internal/infra/server/routing/tasks_routes_handler.go:34.68,36.27 2 24
github.com/lloydmeta/tasques/internal/infra/server/routing/tasks_routes_handler.go:42.2,43.23 2 24
github.com/lloydmeta/tasques/internal/infra/server/routing/tasks_routes_handler.go:49.2,55.76 7 24
github.com/lloydmeta/tasques/internal/infra/server/routing/tasks_routes_handler.go:36.27,37.54 1 0
github.com/lloydmeta/tasques/internal/infra/server/routing/tasks_routes_handler.go:37.54,39.4 1 0
github.com/lloydmeta/tasques/internal/infra/server/routing/tasks_routes_handler.go:43.23,45.3 1 0
github.com/lloydmeta/tasques/internal/infra/server/routing/tasks_routes_handler.go:45.8,47.3 1 24
github.com/lloydmeta/tasques/internal/infra/server/routing/tasks_routes_handler.go:68.53,70.51 2 2
github.com/lloydmeta/tasques/internal/infra/server/routing/tasks_routes_handler.go:70.51,72.3 1 1
github.com/lloydmeta/tasques/internal/infra/server/routing/tasks_routes_handler.go:72.8,73.79 1 1
github.com/lloydmeta/tasques/internal/infra/server/routing/tasks_routes_handler.go:73.79,75.4 1 1
github.com/lloydmeta/tasques/internal/infra/server/routing/tasks_routes_handler.go:75.9,77.4 1 0
github.com/lloydmeta/tasques/internal/infra/server/routing/tasks_routes_handler.go:92.50,96.16 4 3
github.com/lloydmeta/tasques/internal/infra/server/routing/tasks_routes_handler.go:96.16,98.3 1 1
github.com/lloydmeta/tasques/internal/infra/server/routing/tasks_routes_handler.go:98.8,99.86 1 2
github.com/lloydmeta/tasques/internal/infra/server/routing/tasks_routes_handler.go:99.86,101.4 1 1
github.com/lloydmeta/tasques/internal/infra/server/routing/tasks_routes_handler.go:101.9,103.4 1 1
github.com/lloydmeta/tasques/internal/infra/server/routing/tasks_routes_handler.go:117.52,118.54 1 3
github.com/lloydmeta/tasques/internal/infra/server/routing/tasks_routes_handler.go:118.54,120.3 1 0
github.com/lloydmeta/tasques/internal/infra/server/routing/tasks_routes_handler.go:120.8,122.50 2 3
github.com/lloydmeta/tasques/internal/infra/server/routing/tasks_routes_handler.go:122.50,124.4 1 1
github.com/lloydmeta/tasques/internal/infra/server/routing/tasks_routes_handler.go:124.9,126.29 2 2
github.com/lloydmeta/tasques/internal/infra/server/routing/tasks_routes_handler.go:131.4,132.27 2 2
github.com/lloydmeta/tasques/internal/infra/server/routing/tasks_routes_handler.go:137.4,137.118 1 2
github.com/lloydmeta/tasques/internal/infra/server/routing/tasks_routes_handler.go:126.29,128.5 1 2
github.com/lloydmeta/tasques/internal/infra/server/routing/tasks_routes_handler.go:128.10,130.5 1 0
github.com/lloydmeta/tasques/internal/infra/server/routing/tasks_routes_handler.go:132.27,134.5 1 0
github.com/lloydmeta/tasques/internal/infra/server/routing/tasks_routes_handler.go:134.10,136.5 1 2
github.com/lloydmeta/tasques/internal/infra/server/routing/tasks_routes_handler.go:137.118,139.5 1 0
github.com/lloydmeta/tasques/internal/infra/server/routing/tasks_routes_handler.go:139.10,141.5 1 2
github.com/lloydmeta/tasques/internal/infra/server/routing/tasks_routes_handler.go:160.54,164.16 4 4
github.com/lloydmeta/tasques/internal/infra/server/routing/tasks_routes_handler.go:164.16,166.3 1 1
github.com/lloydmeta/tasques/internal/infra/server/routing/tasks_routes_handler.go:166.8,167.55 1 3
github.com/lloydmeta/tasques/internal/infra/server/routing/tasks_routes_handler.go:167.55,169.4 1 1
github.com/lloydmeta/tasques/internal/infra/server/routing/tasks_routes_handler.go:169.9,170.102 1 2
github.com/lloydmeta/tasques/internal/infra/server/routing/tasks_routes_handler.go:170.102,172.5 1 1
github.com/lloydmeta/tasques/internal/infra/server/routing/tasks_routes_handler.go:172.10,174.5 1 1
github.com/lloydmeta/tasques/internal/infra/server/routing/tasks_routes_handler.go:194.55,198.16 4 4
github.com/lloydmeta/tasques/internal/infra/server/routing/tasks_routes_handler.go:198.16,200.3 1 1
github.com/lloydmeta/tasques/internal/infra/server/routing/tasks_routes_handler.go:200.8,202.54 2 3
github.com/lloydmeta/tasques/internal/infra/server/routing/tasks_routes_handler.go:202.54,204.4 1 0
github.com/lloydmeta/tasques/internal/infra/server/routing/tasks_routes_handler.go:204.9,205.56 1 3
github.com/lloydmeta/tasques/internal/infra/server/routing/tasks_routes_handler.go:205.56,207.5 1 1
github.com/lloydmeta/tasques/internal/infra/server/routing/tasks_routes_handler.go:207.10,208.115 1 2
github.com/lloydmeta/tasques/internal/infra/server/routing/tasks_routes_handler.go:208.115,210.6 1 1
github.com/lloydmeta/tasques/internal/infra/server/routing/tasks_routes_handler.go:210.11,212.6 1 1
github.com/lloydmeta/tasques/internal/infra/server/routing/tasks_routes_handler.go:233.55,237.16 4 4
github.com/lloydmeta/tasques/internal/infra/server/routing/tasks_routes_handler.go:237.16,239.3 1 1
github.com/lloydmeta/tasques/internal/infra/server/routing/tasks_routes_handler.go:239.8,241.54 2 3
github.com/lloydmeta/tasques/internal/infra/server/routing/tasks_routes_handler.go:241.54,243.4 1 0
github.com/lloydmeta/tasques/internal/infra/server/routing/tasks_routes_handler.go:243.9,244.56 1 3
github.com/lloydmeta/tasques/internal/infra/server/routing/tasks_routes_handler.go:244.56,246.5 1 1
github.com/lloydmeta/tasques/internal/infra/server/routing/tasks_routes_handler.go:246.10,247.120 1 2
github.com/lloydmeta/tasques/internal/infra/server/routing/tasks_routes_handler.go:247.120,249.6 1 1
github.com/lloydmeta/tasques/internal/infra/server/routing/tasks_routes_handler.go:249.11,251.6 1 1
github.com/lloydmeta/tasques/internal/infra/server/routing/tasks_routes_handler.go:272.57,276.16 4 4
github.com/lloydmeta/tasques/internal/infra/server/routing/tasks_routes_handler.go:276.16,278.3 1 1
github.com/lloydmeta/tasques/internal/infra/server/routing/tasks_routes_handler.go:278.8,280.54 2 3
github.com/lloydmeta/tasques/internal/infra/server/routing/tasks_routes_handler.go:280.54,282.4 1 0
github.com/lloydmeta/tasques/internal/infra/server/routing/tasks_routes_handler.go:282.9,283.56 1 3
github.com/lloydmeta/tasques/internal/infra/server/routing/tasks_routes_handler.go:283.56,285.5 1 1
github.com/lloydmeta/tasques/internal/infra/server/routing/tasks_routes_handler.go:285.10,286.122 1 2
github.com/lloydmeta/tasques/internal/infra/server/routing/tasks_routes_handler.go:286.122,288.6 1 1
github.com/lloydmeta/tasques/internal/infra/server/routing/tasks_routes_handler.go:288.11,290.6 1 1
github.com/lloydmeta/tasques/internal/infra/server/routing/tasks_routes_handler.go:303.70,306.27 3 15
github.com/lloydmeta/tasques/internal/infra/server/routing/tasks_routes_handler.go:306.27,308.3 1 4
github.com/lloydmeta/tasques/internal/infra/server/routing/tasks_routes_handler.go:308.8,311.3 2 11
github.com/lloydmeta/tasques/internal/infra/server/routing/tasks_routes_handler.go:314.62,316.2 1 11
github.com/lloydmeta/tasques/internal/infra/server/routing/tasks_routes_handler.go:318.53,326.2 2 2
github.com/lloydmeta/tasques/internal/infra/server/routing/tasks_routes_handler.go:328.61,330.38 2 5
github.com/lloydmeta/tasques/internal/infra/server/routing/tasks_routes_handler.go:333.2,339.27 2 5
github.com/lloydmeta/tasques/internal/infra/server/routing/tasks_routes_handler.go:330.38,332.3 1 5
github.com/lloydmeta/tasques/app/cmd/root.go:32.48,34.18 2 0
github.com/lloydmeta/tasques/app/cmd/root.go:34.18,36.5 1 0
github.com/lloydmeta/tasques/app/cmd/root.go:36.10,38.5 1 0
github.com/lloydmeta/tasques/app/cmd/root.go:44.16,45.42 1 0
github.com/lloydmeta/tasques/app/cmd/root.go:49.2,49.22 1 0
github.com/lloydmeta/tasques/app/cmd/root.go:45.42,48.3 2 0
github.com/lloydmeta/tasques/app/cmd/root.go:52.13,55.2 2 1
github.com/lloydmeta/tasques/app/cmd/root.go:58.19,59.22 1 1
github.com/lloydmeta/tasques/app/cmd/root.go:69.2,72.45 3 1
github.com/lloydmeta/tasques/app/cmd/root.go:79.2,80.16 2 1
github.com/lloydmeta/tasques/app/cmd/root.go:59.22,62.3 1 1
github.com/lloydmeta/tasques/app/cmd/root.go:62.8,64.40 2 0
github.com/lloydmeta/tasques/app/cmd/root.go:64.40,66.4 1 0
github.com/lloydmeta/tasques/app/cmd/root.go:72.45,74.3 1 1
github.com/lloydmeta/tasques/app/cmd/root.go:74.8,76.3 1 0
github.com/lloydmeta/tasques/app/cmd/root.go:80.16,84.3 3 0
github.com/lloydmeta/tasques/app/cmd/root.go:89.25,93.30 4 0
github.com/lloydmeta/tasques/app/cmd/root.go:112.2,113.17 2 0
github.com/lloydmeta/tasques/app/cmd/root.go:121.2,121.18 1 0
github.com/lloydmeta/tasques/app/cmd/root.go:126.2,126.18 1 0
github.com/lloydmeta/tasques/app/cmd/root.go:93.30,94.36 1 0
github.com/lloydmeta/tasques/app/cmd/root.go:97.3,97.36 1 0
github.com/lloydmeta/tasques/app/cmd/root.go:100.3,100.37 1 0
github.com/lloydmeta/tasques/app/cmd/root.go:94.36,96.4 1 0
github.com/lloydmeta/tasques/app/cmd/root.go:97.36,99.4 1 0
github.com/lloydmeta/tasques/app/cmd/root.go:100.37,102.18 2 0
github.com/lloydmeta/tasques/app/cmd/root.go:102.18,107.5 1 0
github.com/lloydmeta/tasques/app/cmd/root.go:107.10,109.5 1 0
github.com/lloydmeta/tasques/app/cmd/root.go:113.17,115.17 2 0
github.com/lloydmeta/tasques/app/cmd/root.go:118.3,119.14 2 0
github.com/lloydmeta/tasques/app/cmd/root.go:115.17,117.4 1 0
github.com/lloydmeta/tasques/app/cmd/root.go:121.18,123.3 1 0
github.com/lloydmeta/tasques/app/cmd/root.go:123.8,125.3 1 0
github.com/lloydmeta/tasques/app/cmd/root.go:126.18,128.3 1 0
github.com/lloydmeta/tasques/app/cmd/root.go:128.8,130.3 1 0
github.com/lloydmeta/tasques/app/cmd/root.go:134.21,135.20 1 0
github.com/lloydmeta/tasques/app/cmd/root.go:135.20,137.3 1 0
github.com/lloydmeta/tasques/app/cmd/root.go:142.21,143.61 1 0
github.com/lloydmeta/tasques/app/cmd/root.go:148.2,148.32 1 0
github.com/lloydmeta/tasques/app/cmd/root.go:165.2,167.16 3 0
github.com/lloydmeta/tasques/app/cmd/root.go:170.2,171.68 2 0
github.com/lloydmeta/tasques/app/cmd/root.go:143.61,144.74 1 0
github.com/lloydmeta/tasques/app/cmd/root.go:144.74,146.4 1 0
github.com/lloydmeta/tasques/app/cmd/root.go:148.32,152.29 3 0
github.com/lloydmeta/tasques/app/cmd/root.go:157.3,157.33 1 0
github.com/lloydmeta/tasques/app/cmd/root.go:152.29,153.80 1 0
github.com/lloydmeta/tasques/app/cmd/root.go:153.80,155.5 1 0
github.com/lloydmeta/tasques/app/cmd/root.go:157.33,158.86 1 0
github.com/lloydmeta/tasques/app/cmd/root.go:158.86,160.5 1 0
github.com/lloydmeta/tasques/app/cmd/root.go:167.16,169.3 1 0
github.com/lloydmeta/tasques/app/cmd/root.go:171.68,173.3 1 0
github.com/lloydmeta/tasques/app/cmd/root.go:173.8,176.3 2 0
github.com/lloydmeta/tasques/app/cmd/setup.go:20.47,23.17 3 0
github.com/lloydmeta/tasques/app/cmd/setup.go:26.3,26.66 1 0
github.com/lloydmeta/tasques/app/cmd/setup.go:29.3,29.36 1 0
github.com/lloydmeta/tasques/app/cmd/setup.go:37.3,37.36 1 0
github.com/lloydmeta/tasques/app/cmd/setup.go:23.17,25.4 1 0
github.com/lloydmeta/tasques/app/cmd/setup.go:26.66,28.4 1 0
github.com/lloydmeta/tasques/app/cmd/setup.go:29.36,33.61 4 0
github.com/lloydmeta/tasques/app/cmd/setup.go:33.61,35.5 1 0
github.com/lloydmeta/tasques/app/cmd/setup.go:41.13,43.2 1 1
github.com/lloydmeta/tasques/app/cmd/setup.go:45.90,47.16 2 0
github.com/lloydmeta/tasques/app/cmd/setup.go:47.16,49.3 1 0
github.com/lloydmeta/tasques/app/cmd/setup.go:49.8,52.3 2 0
github.com/lloydmeta/tasques/app/cmd/show.go:10.13,13.2 2 1
github.com/lloydmeta/tasques/app/cmd/show.go:25.47,27.17 2 0
github.com/lloydmeta/tasques/app/cmd/show.go:27.17,29.4 1 0
github.com/lloydmeta/tasques/app/cmd/show.go:29.9,31.4 1 0
